c:\users\mesale\source\repos\telemedicine\telemedicine\x64\debug\vc143.pdb
c:\users\mesale\source\repos\telemedicine\telemedicine\x64\debug\.netframework,version=v4.7.2.assemblyattributes.obj
c:\users\mesale\source\repos\telemedicine\telemedicine\x64\debug\patientregister.obj
c:\users\mesale\source\repos\telemedicine\telemedicine\x64\debug\patientmedicalrecord.obj
c:\users\mesale\source\repos\telemedicine\telemedicine\x64\debug\patientlogin.obj
c:\users\mesale\source\repos\telemedicine\telemedicine\x64\debug\patientdashboard.obj
c:\users\mesale\source\repos\telemedicine\telemedicine\x64\debug\main.obj
c:\users\mesale\source\repos\telemedicine\telemedicine\x64\debug\doctorlogin.obj
c:\users\mesale\source\repos\telemedicine\telemedicine\x64\debug\bookappointment.obj
c:\users\mesale\source\repos\telemedicine\x64\debug\telemedicine.exe
c:\users\mesale\source\repos\telemedicine\telemedicine\x64\debug\telemedicine.vcxproj.assemblyreference.cache
c:\users\mesale\source\repos\telemedicine\telemedicine\x64\debug\telemedicine.vcxproj.generateresource.cache
c:\users\mesale\source\repos\telemedicine\telemedicine\x64\debug\telemedicine.bookappointment.resources
c:\users\mesale\source\repos\telemedicine\telemedicine\x64\debug\telemedicine.doctordashboard.resources
c:\users\mesale\source\repos\telemedicine\telemedicine\x64\debug\telemedicine.doctorlogin.resources
c:\users\mesale\source\repos\telemedicine\telemedicine\x64\debug\telemedicine.mainmenu.resources
c:\users\mesale\source\repos\telemedicine\telemedicine\x64\debug\telemedicine.patientdashboard.resources
c:\users\mesale\source\repos\telemedicine\telemedicine\x64\debug\telemedicine.patientlogin.resources
c:\users\mesale\source\repos\telemedicine\telemedicine\x64\debug\telemedicine.patientmedicalrecord.resources
c:\users\mesale\source\repos\telemedicine\telemedicine\x64\debug\telemedicine.patientregister.resources
c:\users\mesale\source\repos\telemedicine\x64\debug\telemedicine.pdb
c:\users\mesale\source\repos\telemedicine\telemedicine\x64\debug\telemedicine.tlog\cl.command.1.tlog
c:\users\mesale\source\repos\telemedicine\telemedicine\x64\debug\telemedicine.tlog\cl.read.1.tlog
c:\users\mesale\source\repos\telemedicine\telemedicine\x64\debug\telemedicine.tlog\cl.write.1.tlog
c:\users\mesale\source\repos\telemedicine\telemedicine\x64\debug\telemedicine.tlog\link.14020-cvtres.read.1.tlog
c:\users\mesale\source\repos\telemedicine\telemedicine\x64\debug\telemedicine.tlog\link.14020-cvtres.write.1.tlog
c:\users\mesale\source\repos\telemedicine\telemedicine\x64\debug\telemedicine.tlog\link.14020-rc.read.1.tlog
c:\users\mesale\source\repos\telemedicine\telemedicine\x64\debug\telemedicine.tlog\link.14020-rc.write.1.tlog
c:\users\mesale\source\repos\telemedicine\telemedicine\x64\debug\telemedicine.tlog\link.14020.read.1.tlog
c:\users\mesale\source\repos\telemedicine\telemedicine\x64\debug\telemedicine.tlog\link.14020.read.2.tlog
c:\users\mesale\source\repos\telemedicine\telemedicine\x64\debug\telemedicine.tlog\link.14020.write.1.tlog
c:\users\mesale\source\repos\telemedicine\telemedicine\x64\debug\telemedicine.tlog\link.command.1.tlog
c:\users\mesale\source\repos\telemedicine\telemedicine\x64\debug\telemedicine.tlog\link.read.1.tlog
c:\users\mesale\source\repos\telemedicine\telemedicine\x64\debug\telemedicine.tlog\link.read.2.tlog
c:\users\mesale\source\repos\telemedicine\telemedicine\x64\debug\telemedicine.tlog\link.write.1.tlog
c:\users\mesale\source\repos\telemedicine\telemedicine\x64\debug\telemedicine.tlog\metagen.read.1.tlog
c:\users\mesale\source\repos\telemedicine\telemedicine\x64\debug\telemedicine.tlog\metagen.write.1.tlog
c:\users\mesale\source\repos\telemedicine\telemedicine\x64\debug\telemedicine.tlog\resgen.command.1.tlog
c:\users\mesale\source\repos\telemedicine\telemedicine\x64\debug\telemedicine.tlog\resgen.read.1.tlog
c:\users\mesale\source\repos\telemedicine\telemedicine\x64\debug\telemedicine.tlog\resgen.write.1.tlog
